<?xml version="1.0" encoding="UTF-8"?>
<!-- Generated by org.testng.reporters.JUnitReportReporter -->
<testsuite hostname="b17l0406" name="com.visionIT.internetBankingversion2.ExtentReports.InternetBankingTest" tests="1" failures="0" timestamp="24 Dec 2020 06:52:11 GMT" time="6.522" errors="0">
  <testcase name="login" time="6.522" classname="com.visionIT.internetBankingversion2.ExtentReports.InternetBankingTest"/>
</testsuite> <!-- com.visionIT.internetBankingversion2.ExtentReports.InternetBankingTest -->
