<?xml version="1.0" encoding="UTF-8"?>
<!-- Generated by org.testng.reporters.JUnitReportReporter -->
<testsuite hostname="b17l0406" name="com.visionit.orangehrm.testcases.AddUserTC_002" tests="2" failures="0" timestamp="3 Dec 2020 05:39:59 GMT" time="30.315" errors="0">
  <testcase name="addNewUserTest" time="13.921" classname="com.visionit.orangehrm.testcases.AddUserTC_002"/>
  <testcase name="addNewUserTest" time="16.394" classname="com.visionit.orangehrm.testcases.AddUserTC_002"/>
</testsuite> <!-- com.visionit.orangehrm.testcases.AddUserTC_002 -->
