<?xml version="1.0" encoding="UTF-8"?>
<!-- Generated by org.testng.reporters.JUnitReportReporter -->
<testsuite hostname="b17l0406" name="com.visionit.orangehrm.testcases.Login_Tc_001" tests="1" failures="0" timestamp="16 Dec 2020 11:02:28 GMT" time="12.455" errors="0">
  <testcase name="loginOrangeHrmTest" time="12.455" classname="com.visionit.orangehrm.testcases.Login_Tc_001"/>
</testsuite> <!-- com.visionit.orangehrm.testcases.Login_Tc_001 -->
